<<<<<<< HEAD
﻿Build started 10/4/2021 12:27:31 PM.
     1>Project "F:\1_2_games\Game_development\LIFE@AUST\iGraphics Project\iGraphics Project.vcxproj" on node 2 (build target(s)).
=======
﻿Build started 10/4/2021 12:35:13 PM.
     1>Project "D:\Deskkt\New folder\GITMAIN\Game_development\LIFE@AUST\iGraphics Project\iGraphics Project.vcxproj" on node 2 (build target(s)).
>>>>>>> f50ebed4d2837edf5e6ee133c91f751121f2ad54
     1>InitializeBuildStatus:
         Creating "Debug\LIFE@AUST.unsuccessfulbuild" because "AlwaysCreate" was specified.
       ClCompile:
         C:\Program Files (x86)\Microsoft Visual Studio 10.0\VC\bin\CL.exe /c /ZI /nologo /W3 /WX- /Od /Oy- /D _MBCS /Gm /EHsc /RTC1 /MDd /GS /fp:precise /Zc:wchar_t /Zc:forScope /Fo"Debug\\" /Fd"Debug\vc100.pdb" /Gd /TP /analyze- /errorReport:prompt "..\..\LIFE@AUST\iGraphics Project\LIFE@AUST.cpp"
         LIFE@AUST.cpp
       Link:
<<<<<<< HEAD
         C:\Program Files (x86)\Microsoft Visual Studio 10.0\VC\bin\link.exe /ERRORREPORT:PROMPT /OUT:"F:\1_2_games\Game_development\LIFE@AUST\Debug\LIFE@AUST.exe" /NOLOGO kernel32.lib user32.lib gdi32.lib winspool.lib comdlg32.lib advapi32.lib shell32.lib ole32.lib oleaut32.lib uuid.lib odbc32.lib odbccp32.lib /MANIFEST /ManifestFile:"Debug\LIFE@AUST.exe.intermediate.manifest" /MANIFESTUAC:"level='asInvoker' uiAccess='false'" /DEBUG /PDB:"F:\1_2_games\Game_development\LIFE@AUST\Debug\LIFE@AUST.pdb" /TLBID:1 /DYNAMICBASE /NXCOMPAT /IMPLIB:"F:\1_2_games\Game_development\LIFE@AUST\Debug\LIFE@AUST.lib" /MACHINE:X86 "Debug\LIFE@AUST.obj"
         LINK : F:\1_2_games\Game_development\LIFE@AUST\Debug\LIFE@AUST.exe not found or not built by the last incremental link; performing full link
         iGraphics Project.vcxproj -> F:\1_2_games\Game_development\LIFE@AUST\Debug\LIFE@AUST.exe
       Manifest:
         c:\Program Files (x86)\Microsoft SDKs\Windows\v7.0A\bin\mt.exe /nologo /verbose /outputresource:"F:\1_2_games\Game_development\LIFE@AUST\Debug\LIFE@AUST.exe;#1" /manifest "Debug\LIFE@AUST.exe.intermediate.manifest"
=======
         C:\Program Files (x86)\Microsoft Visual Studio 10.0\VC\bin\link.exe /ERRORREPORT:PROMPT /OUT:"D:\Deskkt\New folder\GITMAIN\Game_development\LIFE@AUST\Debug\LIFE@AUST.exe" /NOLOGO kernel32.lib user32.lib gdi32.lib winspool.lib comdlg32.lib advapi32.lib shell32.lib ole32.lib oleaut32.lib uuid.lib odbc32.lib odbccp32.lib /MANIFEST /ManifestFile:"Debug\LIFE@AUST.exe.intermediate.manifest" /MANIFESTUAC:"level='asInvoker' uiAccess='false'" /DEBUG /PDB:"D:\Deskkt\New folder\GITMAIN\Game_development\LIFE@AUST\Debug\LIFE@AUST.pdb" /TLBID:1 /DYNAMICBASE /NXCOMPAT /IMPLIB:"D:\Deskkt\New folder\GITMAIN\Game_development\LIFE@AUST\Debug\LIFE@AUST.lib" /MACHINE:X86 "Debug\LIFE@AUST.obj"
         LINK : D:\Deskkt\New folder\GITMAIN\Game_development\LIFE@AUST\Debug\LIFE@AUST.exe not found or not built by the last incremental link; performing full link
         iGraphics Project.vcxproj -> D:\Deskkt\New folder\GITMAIN\Game_development\LIFE@AUST\Debug\LIFE@AUST.exe
       Manifest:
         C:\Program Files (x86)\Microsoft SDKs\Windows\v7.0A\bin\mt.exe /nologo /verbose /outputresource:"D:\Deskkt\New folder\GITMAIN\Game_development\LIFE@AUST\Debug\LIFE@AUST.exe;#1" /manifest "Debug\LIFE@AUST.exe.intermediate.manifest"
>>>>>>> f50ebed4d2837edf5e6ee133c91f751121f2ad54
       FinalizeBuildStatus:
         Deleting file "Debug\LIFE@AUST.unsuccessfulbuild".
         Touching "Debug\LIFE@AUST.lastbuildstate".
     1>Done Building Project "D:\Deskkt\New folder\GITMAIN\Game_development\LIFE@AUST\iGraphics Project\iGraphics Project.vcxproj" (build target(s)).

Build succeeded.

<<<<<<< HEAD
Time Elapsed 00:00:02.59
=======
Time Elapsed 00:00:01.15
>>>>>>> f50ebed4d2837edf5e6ee133c91f751121f2ad54
