Build started 8/13/2021 4:24:30 AM.
     1>Project "F:\1_2_games\Game_collection\Good\CatvsDog-20190325T200800Z-001\CatvsDog\CatvsDog.vcxproj" on node 2 (build target(s)).
     1>InitializeBuildStatus:
         Creating "Debug\CatvsDog.unsuccessfulbuild" because "AlwaysCreate" was specified.
       ClCompile:
         c:\Program Files (x86)\Microsoft Visual Studio 10.0\VC\bin\CL.exe /c /ZI /nologo /W3 /WX- /Od /Oy- /D _MBCS /Gm /EHsc /RTC1 /MDd /GS /fp:precise /Zc:wchar_t /Zc:forScope /Fo"Debug\\" /Fd"Debug\vc100.pdb" /Gd /TP /analyze- /errorReport:prompt iMain.cpp
         iMain.cpp
     1>f:\1_2_games\game_collection\good\catvsdog-20190325t200800z-001\catvsdog\imain.cpp(336): warning C4101: 'p2' : unreferenced local variable
     1>f:\1_2_games\game_collection\good\catvsdog-20190325t200800z-001\catvsdog\imain.cpp(336): warning C4101: 'p1' : unreferenced local variable
       Link:
         c:\Program Files (x86)\Microsoft Visual Studio 10.0\VC\bin\link.exe /ERRORREPORT:PROMPT /OUT:"F:\1_2_games\Game_collection\Good\CatvsDog-20190325T200800Z-001\CatvsDog\Debug\CatvsDog.exe" /NOLOGO kernel32.lib user32.lib gdi32.lib winspool.lib comdlg32.lib advapi32.lib shell32.lib ole32.lib oleaut32.lib uuid.lib odbc32.lib odbccp32.lib /MANIFEST /ManifestFile:"Debug\CatvsDog.exe.intermediate.manifest" /MANIFESTUAC:"level='asInvoker' uiAccess='false'" /DEBUG /PDB:"F:\1_2_games\Game_collection\Good\CatvsDog-20190325T200800Z-001\CatvsDog\Debug\CatvsDog.pdb" /TLBID:1 /DYNAMICBASE /NXCOMPAT /IMPLIB:"F:\1_2_games\Game_collection\Good\CatvsDog-20190325T200800Z-001\CatvsDog\Debug\CatvsDog.lib" /MACHINE:X86 Debug\iMain.obj
         LINK : F:\1_2_games\Game_collection\Good\CatvsDog-20190325T200800Z-001\CatvsDog\Debug\CatvsDog.exe not found or not built by the last incremental link; performing full link
         CatvsDog.vcxproj -> F:\1_2_games\Game_collection\Good\CatvsDog-20190325T200800Z-001\CatvsDog\Debug\CatvsDog.exe
       Manifest:
         c:\Program Files (x86)\Microsoft SDKs\Windows\v7.0A\bin\mt.exe /nologo /verbose /outputresource:"F:\1_2_games\Game_collection\Good\CatvsDog-20190325T200800Z-001\CatvsDog\Debug\CatvsDog.exe;#1" /manifest Debug\CatvsDog.exe.intermediate.manifest
       FinalizeBuildStatus:
         Deleting file "Debug\CatvsDog.unsuccessfulbuild".
         Touching "Debug\CatvsDog.lastbuildstate".
     1>Done Building Project "F:\1_2_games\Game_collection\Good\CatvsDog-20190325T200800Z-001\CatvsDog\CatvsDog.vcxproj" (build target(s)).

Build succeeded.

Time Elapsed 00:00:02.42
